ERROR: system: AutoSpawner is already defined in that package
INFO: MineTweaker: Building registry
INFO: MineTweaker: Sucessfully built item registry
INFO: Adding minetweaker command mfr
INFO: tried to remove command: mfr failed. THIS IS NOT AN ERROR!
INFO: 
INFO: tried to remove command: mfr failed. THIS IS NOT AN ERROR!
INFO: 
INFO: tried to remove command: mfr failed. THIS IS NOT AN ERROR!
INFO: 
INFO: tried to remove command: mfr failed. THIS IS NOT AN ERROR!
INFO: 
INFO: tried to remove command: mfr failed. THIS IS NOT AN ERROR!
INFO: 
INFO: tried to remove command: mfr failed. THIS IS NOT AN ERROR!
INFO: 
INFO: tried to remove command: mfr failed. THIS IS NOT AN ERROR!
INFO: 
INFO: tried to remove command: mfr failed. THIS IS NOT AN ERROR!
INFO: 
INFO: tried to remove command: mfr failed. THIS IS NOT AN ERROR!
INFO: 
INFO: tried to remove command: mfr failed. THIS IS NOT AN ERROR!
INFO: 
INFO: tried to remove command: mfr failed. THIS IS NOT AN ERROR!
INFO: 
INFO: tried to remove command: mfr failed. THIS IS NOT AN ERROR!
INFO: 
INFO: tried to remove command: mfr failed. THIS IS NOT AN ERROR!
INFO: 
INFO: tried to remove command: mfr failed. THIS IS NOT AN ERROR!
INFO: 
INFO: tried to remove command: mfr failed. THIS IS NOT AN ERROR!
INFO: 
INFO: tried to remove command: mfr failed. THIS IS NOT AN ERROR!
INFO: 
INFO: tried to remove command: mfr failed. THIS IS NOT AN ERROR!
INFO: 
INFO: tried to remove command: mfr failed. THIS IS NOT AN ERROR!
INFO: 
INFO: tried to remove command: mfr failed. THIS IS NOT AN ERROR!
INFO: 
INFO: tried to remove command: mfr failed. THIS IS NOT AN ERROR!
INFO: 
INFO: tried to remove command: mfr failed. THIS IS NOT AN ERROR!
INFO: 
INFO: tried to remove command: mfr failed. THIS IS NOT AN ERROR!
INFO: 
INFO: tried to remove command: mfr failed. THIS IS NOT AN ERROR!
INFO: 
INFO: tried to remove command: mfr failed. THIS IS NOT AN ERROR!
INFO: 
INFO: tried to remove command: mfr failed. THIS IS NOT AN ERROR!
INFO: 
INFO: tried to remove command: mfr failed. THIS IS NOT AN ERROR!
INFO: 
INFO: tried to remove command: mfr failed. THIS IS NOT AN ERROR!
INFO: 
INFO: tried to remove command: mfr failed. THIS IS NOT AN ERROR!
INFO: 
INFO: tried to remove command: mfr failed. THIS IS NOT AN ERROR!
INFO: 
